2021-03-09 10:51:42,428 - root - INFO - Unable to fetch group details

2021-03-09 10:51:54,497 - root - INFO - Unable to fetch group details

2021-03-09 13:53:52,309 - root - INFO - Total of 133 groups found
2021-03-09 14:08:17,258 - root - INFO - Total of 133 groups found
2021-03-09 14:08:17,258 - root - INFO - Processing 1 group of 133 groups
2021-03-09 14:08:18,244 - root - INFO - Processing 1 group of 133 groups
2021-03-09 14:08:19,228 - root - INFO - Processing 1 group of 133 groups
2021-03-09 14:08:20,253 - root - INFO - Processing 1 group of 133 groups
2021-03-09 14:08:21,394 - root - INFO - Processing 1 group of 133 groups
2021-03-09 14:08:22,336 - root - INFO - Processing 1 group of 133 groups
2021-03-09 14:08:23,228 - root - INFO - Processing 1 group of 133 groups
2021-03-09 14:08:24,097 - root - INFO - Processing 1 group of 133 groups
2021-03-09 14:08:25,052 - root - INFO - Processing 1 group of 133 groups
2021-03-09 14:08:26,089 - root - INFO - Processing 1 group of 133 groups
2021-03-09 14:08:27,031 - root - INFO - Processing 1 group of 133 groups
2021-03-09 14:08:27,971 - root - INFO - Processing 1 group of 133 groups
2021-03-09 14:08:28,916 - root - INFO - Processing 1 group of 133 groups
2021-03-09 14:08:29,986 - root - INFO - Processing 1 group of 133 groups
2021-03-09 14:08:31,120 - root - INFO - Processing 1 group of 133 groups
2021-03-09 14:08:32,336 - root - INFO - Processing 1 group of 133 groups
2021-03-09 14:08:33,246 - root - INFO - Processing 1 group of 133 groups
2021-03-09 14:08:34,590 - root - INFO - Processing 1 group of 133 groups
2021-03-09 14:08:35,717 - root - INFO - Processing 1 group of 133 groups
2021-03-09 14:08:36,738 - root - INFO - Processing 1 group of 133 groups
2021-03-09 14:08:37,764 - root - INFO - Processing 1 group of 133 groups
2021-03-09 14:08:38,671 - root - INFO - Processing 1 group of 133 groups
2021-03-09 14:08:39,587 - root - INFO - Processing 1 group of 133 groups
2021-03-09 14:08:40,537 - root - INFO - Processing 1 group of 133 groups
2021-03-09 14:08:41,552 - root - INFO - Processing 1 group of 133 groups
2021-03-09 14:08:42,474 - root - INFO - Processing 1 group of 133 groups
2021-03-09 14:08:43,401 - root - INFO - Processing 1 group of 133 groups
2021-03-09 14:08:44,316 - root - INFO - Processing 1 group of 133 groups
2021-03-09 14:08:45,341 - root - INFO - Processing 1 group of 133 groups
2021-03-09 14:08:46,364 - root - INFO - Processing 1 group of 133 groups
2021-03-09 14:08:47,274 - root - INFO - Processing 1 group of 133 groups
2021-03-09 14:08:48,216 - root - INFO - Processing 1 group of 133 groups
2021-03-09 14:08:49,238 - root - INFO - Processing 1 group of 133 groups
2021-03-09 14:08:50,402 - root - INFO - Processing 1 group of 133 groups
2021-03-09 14:08:51,368 - root - INFO - Processing 1 group of 133 groups
2021-03-09 14:08:52,232 - root - INFO - Processing 1 group of 133 groups
2021-03-09 14:08:53,197 - root - INFO - Processing 1 group of 133 groups
2021-03-09 14:08:54,200 - root - INFO - Processing 1 group of 133 groups
2021-03-09 14:08:55,186 - root - INFO - Processing 1 group of 133 groups
2021-03-09 14:08:56,176 - root - INFO - Processing 1 group of 133 groups
2021-03-09 14:08:57,320 - root - INFO - Processing 1 group of 133 groups
2021-03-09 14:08:58,220 - root - INFO - Processing 1 group of 133 groups
2021-03-09 14:08:59,203 - root - INFO - Processing 1 group of 133 groups
2021-03-09 14:09:00,191 - root - INFO - Processing 1 group of 133 groups
2021-03-09 14:09:01,131 - root - INFO - Processing 1 group of 133 groups
2021-03-09 14:09:02,347 - root - INFO - Processing 1 group of 133 groups
2021-03-09 14:09:03,376 - root - INFO - Processing 1 group of 133 groups
2021-03-09 14:09:04,694 - root - INFO - Processing 1 group of 133 groups
2021-03-09 14:09:05,812 - root - INFO - Processing 1 group of 133 groups
2021-03-09 14:09:07,013 - root - INFO - Processing 1 group of 133 groups
2021-03-09 14:09:08,278 - root - INFO - Processing 1 group of 133 groups
2021-03-09 14:09:09,476 - root - INFO - Processing 1 group of 133 groups
2021-03-09 14:09:10,521 - root - INFO - Processing 1 group of 133 groups
2021-03-09 14:09:11,545 - root - INFO - Processing 1 group of 133 groups
2021-03-09 14:09:12,476 - root - INFO - Processing 1 group of 133 groups
2021-03-09 14:09:13,398 - root - INFO - Processing 1 group of 133 groups
2021-03-09 14:09:14,257 - root - INFO - Processing 1 group of 133 groups
2021-03-09 14:09:15,138 - root - INFO - Processing 1 group of 133 groups
2021-03-09 14:09:16,061 - root - INFO - Processing 1 group of 133 groups
2021-03-09 14:09:17,069 - root - INFO - Processing 1 group of 133 groups
2021-03-09 14:09:21,187 - root - INFO - Processing 1 group of 133 groups
2021-03-09 14:09:22,123 - root - INFO - Processing 1 group of 133 groups
2021-03-09 14:09:23,025 - root - INFO - Processing 1 group of 133 groups
2021-03-09 14:09:23,972 - root - INFO - Processing 1 group of 133 groups
2021-03-09 14:09:24,950 - root - INFO - Processing 1 group of 133 groups
2021-03-09 14:09:25,995 - root - INFO - Processing 1 group of 133 groups
2021-03-09 14:09:26,955 - root - INFO - Processing 1 group of 133 groups
2021-03-09 14:09:27,939 - root - INFO - Processing 1 group of 133 groups
2021-03-09 14:09:28,963 - root - INFO - Processing 1 group of 133 groups
2021-03-09 14:09:29,988 - root - INFO - Processing 1 group of 133 groups
2021-03-09 14:09:30,995 - root - INFO - Processing 1 group of 133 groups
2021-03-09 14:09:31,933 - root - INFO - Processing 1 group of 133 groups
2021-03-09 14:09:32,854 - root - INFO - Processing 1 group of 133 groups
2021-03-09 14:09:33,776 - root - INFO - Processing 1 group of 133 groups
2021-03-09 14:09:34,803 - root - INFO - Processing 1 group of 133 groups
2021-03-09 14:09:35,823 - root - INFO - Processing 1 group of 133 groups
2021-03-09 14:09:36,746 - root - INFO - Processing 1 group of 133 groups
2021-03-09 14:09:37,537 - root - INFO - Processing 1 group of 133 groups
2021-03-09 14:09:38,390 - root - INFO - Processing 1 group of 133 groups
2021-03-09 14:09:39,355 - root - INFO - Processing 1 group of 133 groups
2021-03-09 14:09:40,249 - root - INFO - Processing 1 group of 133 groups
2021-03-09 14:09:41,168 - root - INFO - Processing 1 group of 133 groups
2021-03-09 14:09:42,144 - root - INFO - Processing 1 group of 133 groups
2021-03-09 14:09:43,101 - root - INFO - Processing 1 group of 133 groups
2021-03-09 14:09:44,015 - root - INFO - Processing 1 group of 133 groups
2021-03-09 14:09:44,937 - root - INFO - Processing 1 group of 133 groups
2021-03-09 14:09:45,858 - root - INFO - Processing 1 group of 133 groups
2021-03-09 14:09:46,759 - root - INFO - Processing 1 group of 133 groups
2021-03-09 14:09:47,616 - root - INFO - Processing 1 group of 133 groups
2021-03-09 14:09:48,625 - root - INFO - Processing 1 group of 133 groups
2021-03-09 14:09:49,648 - root - INFO - Processing 1 group of 133 groups
2021-03-09 14:09:50,570 - root - INFO - Processing 1 group of 133 groups
2021-03-09 14:09:51,593 - root - INFO - Processing 1 group of 133 groups
2021-03-09 14:09:52,617 - root - INFO - Processing 1 group of 133 groups
2021-03-09 14:09:53,642 - root - INFO - Processing 1 group of 133 groups
2021-03-09 14:09:54,666 - root - INFO - Processing 1 group of 133 groups
2021-03-09 14:09:55,690 - root - INFO - Processing 1 group of 133 groups
2021-03-09 14:09:56,610 - root - INFO - Processing 1 group of 133 groups
2021-03-09 14:09:57,635 - root - INFO - Processing 1 group of 133 groups
2021-03-09 14:09:58,659 - root - INFO - Processing 1 group of 133 groups
2021-03-09 14:09:59,494 - root - INFO - Processing 1 group of 133 groups
2021-03-09 14:10:00,435 - root - INFO - Processing 1 group of 133 groups
2021-03-09 14:10:01,504 - root - INFO - Processing 1 group of 133 groups
2021-03-09 14:10:02,447 - root - INFO - Processing 1 group of 133 groups
2021-03-09 14:10:03,726 - root - INFO - Processing 1 group of 133 groups
2021-03-09 14:10:05,100 - root - INFO - Processing 1 group of 133 groups
2021-03-09 14:10:06,647 - root - INFO - Processing 1 group of 133 groups
2021-03-09 14:10:08,899 - root - INFO - Processing 1 group of 133 groups
2021-03-09 14:10:10,237 - root - INFO - Processing 1 group of 133 groups
2021-03-09 14:10:11,971 - root - INFO - Processing 1 group of 133 groups
2021-03-09 14:10:13,199 - root - INFO - Processing 1 group of 133 groups
2021-03-09 14:10:14,349 - root - INFO - Processing 1 group of 133 groups
2021-03-09 14:10:15,555 - root - INFO - Processing 1 group of 133 groups
2021-03-09 14:10:16,785 - root - INFO - Processing 1 group of 133 groups
2021-03-09 14:10:17,721 - root - INFO - Processing 1 group of 133 groups
2021-03-09 14:10:18,627 - root - INFO - Processing 1 group of 133 groups
2021-03-09 14:10:19,528 - root - INFO - Processing 1 group of 133 groups
2021-03-09 14:10:20,588 - root - INFO - Processing 1 group of 133 groups
2021-03-09 14:10:21,494 - root - INFO - Processing 1 group of 133 groups
2021-03-09 14:10:22,518 - root - INFO - Processing 1 group of 133 groups
2021-03-09 14:10:23,645 - root - INFO - Processing 1 group of 133 groups
2021-03-09 14:10:24,565 - root - INFO - Processing 1 group of 133 groups
2021-03-09 14:10:25,396 - root - INFO - Processing 1 group of 133 groups
2021-03-09 14:10:26,306 - root - INFO - Processing 1 group of 133 groups
2021-03-09 14:10:27,234 - root - INFO - Processing 1 group of 133 groups
2021-03-09 14:10:28,468 - root - INFO - Processing 1 group of 133 groups
2021-03-09 14:10:29,583 - root - INFO - Processing 1 group of 133 groups
2021-03-09 14:10:30,607 - root - INFO - Processing 1 group of 133 groups
2021-03-09 14:10:31,529 - root - INFO - Processing 1 group of 133 groups
2021-03-09 14:10:32,451 - root - INFO - Processing 1 group of 133 groups
2021-03-09 14:10:33,377 - root - INFO - Processing 1 group of 133 groups
2021-03-09 14:10:34,499 - root - INFO - Processing 1 group of 133 groups
2021-03-09 14:10:35,527 - root - INFO - Processing 1 group of 133 groups
2021-03-09 15:46:58,723 - root - INFO - Total of 55 groups found
2021-03-09 15:46:58,725 - root - INFO - Processing 1 group of 55 groups
2021-03-09 15:46:59,689 - root - INFO - Processing 2 group of 55 groups
2021-03-09 15:47:00,624 - root - INFO - Processing 3 group of 55 groups
2021-03-09 15:47:01,751 - root - INFO - Processing 4 group of 55 groups
2021-03-09 15:47:02,720 - root - INFO - Processing 5 group of 55 groups
2021-03-09 15:47:03,699 - root - INFO - Processing 6 group of 55 groups
2021-03-09 15:47:05,094 - root - INFO - Processing 7 group of 55 groups
2021-03-09 15:47:06,462 - root - INFO - Processing 8 group of 55 groups
2021-03-09 15:47:07,709 - root - INFO - Processing 9 group of 55 groups
2021-03-09 15:47:08,823 - root - INFO - Processing 10 group of 55 groups
2021-03-09 15:47:10,050 - root - INFO - Processing 11 group of 55 groups
2021-03-09 15:47:10,967 - root - INFO - Processing 12 group of 55 groups
2021-03-09 15:47:11,786 - root - INFO - Processing 13 group of 55 groups
2021-03-09 15:47:12,708 - root - INFO - Processing 14 group of 55 groups
2021-03-09 15:47:13,835 - root - INFO - Processing 15 group of 55 groups
2021-03-09 15:47:14,553 - root - INFO - Processing 16 group of 55 groups
2021-03-09 15:47:15,471 - root - INFO - Processing 17 group of 55 groups
2021-03-09 15:47:16,394 - root - INFO - Processing 18 group of 55 groups
2021-03-09 15:47:17,418 - root - INFO - Processing 19 group of 55 groups
2021-03-09 15:47:18,180 - root - INFO - Processing 20 group of 55 groups
2021-03-09 15:47:18,954 - root - INFO - Processing 21 group of 55 groups
2021-03-09 15:47:19,881 - root - INFO - Processing 22 group of 55 groups
2021-03-09 15:47:20,593 - root - INFO - Processing 23 group of 55 groups
2021-03-09 15:47:21,514 - root - INFO - Processing 24 group of 55 groups
2021-03-09 15:47:22,402 - root - INFO - Processing 25 group of 55 groups
2021-03-09 15:47:23,255 - root - INFO - Processing 26 group of 55 groups
2021-03-09 15:47:23,972 - root - INFO - Processing 27 group of 55 groups
2021-03-09 15:47:24,791 - root - INFO - Processing 28 group of 55 groups
2021-03-09 15:47:25,611 - root - INFO - Processing 29 group of 55 groups
2021-03-09 15:47:26,532 - root - INFO - Processing 30 group of 55 groups
2021-03-09 15:47:27,455 - root - INFO - Processing 31 group of 55 groups
2021-03-09 15:47:28,190 - root - INFO - Processing 32 group of 55 groups
2021-03-09 15:47:29,092 - root - INFO - Processing 33 group of 55 groups
2021-03-09 15:47:29,916 - root - INFO - Processing 34 group of 55 groups
2021-03-09 15:47:30,672 - root - INFO - Processing 35 group of 55 groups
2021-03-09 15:47:31,347 - root - INFO - Processing 36 group of 55 groups
2021-03-09 15:47:32,164 - root - INFO - Processing 37 group of 55 groups
2021-03-09 15:47:32,881 - root - INFO - Processing 38 group of 55 groups
2021-03-09 15:47:33,598 - root - INFO - Processing 39 group of 55 groups
2021-03-09 15:47:34,417 - root - INFO - Processing 40 group of 55 groups
2021-03-09 15:47:35,236 - root - INFO - Processing 41 group of 55 groups
2021-03-09 15:47:36,233 - root - INFO - Processing 42 group of 55 groups
2021-03-09 15:47:36,921 - root - INFO - Processing 43 group of 55 groups
2021-03-09 15:47:37,679 - root - INFO - Processing 44 group of 55 groups
2021-03-09 15:47:38,513 - root - INFO - Processing 45 group of 55 groups
2021-03-09 15:47:39,332 - root - INFO - Processing 46 group of 55 groups
2021-03-09 15:47:40,051 - root - INFO - Processing 47 group of 55 groups
2021-03-09 15:47:40,841 - root - INFO - Processing 48 group of 55 groups
2021-03-09 15:47:41,584 - root - INFO - Processing 49 group of 55 groups
2021-03-09 15:47:42,303 - root - INFO - Processing 50 group of 55 groups
2021-03-09 15:47:43,121 - root - INFO - Processing 51 group of 55 groups
2021-03-09 15:47:43,940 - root - INFO - Processing 52 group of 55 groups
2021-03-09 15:47:44,759 - root - INFO - Processing 53 group of 55 groups
2021-03-09 15:47:45,578 - root - INFO - Processing 54 group of 55 groups
2021-03-09 15:47:46,398 - root - INFO - Processing 55 group of 55 groups
2021-03-09 15:48:49,588 - root - INFO - Total of 115 groups found
2021-03-09 15:48:49,588 - root - INFO - Processing 1 group of 115 groups
2021-03-09 15:48:50,603 - root - INFO - Processing 2 group of 115 groups
2021-03-09 15:48:51,628 - root - INFO - Processing 3 group of 115 groups
2021-03-09 15:48:52,650 - root - INFO - Processing 4 group of 115 groups
2021-03-09 15:48:57,181 - root - INFO - Total of 55 groups found
2021-03-09 15:48:57,181 - root - INFO - Processing 1 group of 55 groups
2021-03-09 15:48:58,184 - root - INFO - Processing 2 group of 55 groups
2021-03-09 15:48:59,205 - root - INFO - Processing 3 group of 55 groups
2021-03-09 15:49:00,082 - root - INFO - Processing 4 group of 55 groups
2021-03-09 15:49:01,243 - root - INFO - Processing 5 group of 55 groups
2021-03-09 15:49:02,481 - root - INFO - Processing 6 group of 55 groups
2021-03-09 15:49:03,505 - root - INFO - Processing 7 group of 55 groups
2021-03-09 15:49:04,561 - root - INFO - Processing 8 group of 55 groups
2021-03-09 15:49:06,061 - root - INFO - Processing 9 group of 55 groups
2021-03-09 15:49:07,834 - root - INFO - Processing 10 group of 55 groups
2021-03-09 15:49:09,138 - root - INFO - Processing 11 group of 55 groups
2021-03-09 15:49:10,367 - root - INFO - Processing 12 group of 55 groups
2021-03-09 15:49:11,223 - root - INFO - Processing 13 group of 55 groups
2021-03-09 15:49:12,074 - root - INFO - Processing 14 group of 55 groups
2021-03-09 15:49:12,866 - root - INFO - Processing 15 group of 55 groups
2021-03-09 15:49:13,598 - root - INFO - Processing 16 group of 55 groups
2021-03-09 15:49:14,301 - root - INFO - Processing 17 group of 55 groups
2021-03-09 15:49:15,281 - root - INFO - Processing 18 group of 55 groups
2021-03-09 15:49:16,331 - root - INFO - Processing 19 group of 55 groups
2021-03-09 15:49:17,131 - root - INFO - Processing 20 group of 55 groups
2021-03-09 15:49:17,945 - root - INFO - Processing 21 group of 55 groups
2021-03-09 15:49:18,661 - root - INFO - Processing 22 group of 55 groups
2021-03-09 15:49:19,378 - root - INFO - Processing 23 group of 55 groups
2021-03-09 15:49:20,303 - root - INFO - Processing 24 group of 55 groups
2021-03-09 15:49:21,033 - root - INFO - Processing 25 group of 55 groups
2021-03-09 15:49:21,835 - root - INFO - Processing 26 group of 55 groups
2021-03-09 15:49:22,703 - root - INFO - Processing 27 group of 55 groups
2021-03-09 15:49:23,473 - root - INFO - Processing 28 group of 55 groups
2021-03-09 15:49:24,294 - root - INFO - Processing 29 group of 55 groups
2021-03-09 15:49:25,111 - root - INFO - Processing 30 group of 55 groups
2021-03-09 15:49:25,931 - root - INFO - Processing 31 group of 55 groups
2021-03-09 15:49:26,567 - root - INFO - Processing 32 group of 55 groups
2021-03-09 15:49:27,322 - root - INFO - Processing 33 group of 55 groups
2021-03-09 15:49:28,183 - root - INFO - Processing 34 group of 55 groups
2021-03-09 15:49:29,515 - root - INFO - Processing 35 group of 55 groups
2021-03-09 15:49:30,586 - root - INFO - Processing 36 group of 55 groups
2021-03-09 15:49:31,311 - root - INFO - Processing 37 group of 55 groups
2021-03-09 15:49:32,009 - root - INFO - Processing 38 group of 55 groups
2021-03-09 15:49:32,776 - root - INFO - Processing 39 group of 55 groups
2021-03-09 15:49:33,523 - root - INFO - Processing 40 group of 55 groups
2021-03-09 15:49:34,260 - root - INFO - Processing 41 group of 55 groups
2021-03-09 15:49:35,036 - root - INFO - Processing 42 group of 55 groups
2021-03-09 15:49:35,804 - root - INFO - Processing 43 group of 55 groups
2021-03-09 15:49:36,562 - root - INFO - Processing 44 group of 55 groups
2021-03-09 15:49:37,341 - root - INFO - Processing 45 group of 55 groups
2021-03-09 15:49:38,090 - root - INFO - Processing 46 group of 55 groups
2021-03-09 15:49:38,794 - root - INFO - Processing 47 group of 55 groups
2021-03-09 15:49:39,460 - root - INFO - Processing 48 group of 55 groups
2021-03-09 15:49:40,216 - root - INFO - Processing 49 group of 55 groups
2021-03-09 15:49:41,088 - root - INFO - Processing 50 group of 55 groups
2021-03-09 15:49:41,803 - root - INFO - Processing 51 group of 55 groups
2021-03-09 15:49:42,604 - root - INFO - Processing 52 group of 55 groups
2021-03-09 15:49:43,544 - root - INFO - Processing 53 group of 55 groups
2021-03-09 15:49:44,465 - root - INFO - Processing 54 group of 55 groups
2021-03-09 15:49:45,284 - root - INFO - Processing 55 group of 55 groups
2021-03-09 15:50:48,592 - root - INFO - Total of 55 groups found
2021-03-09 15:50:48,592 - root - INFO - Processing 1 group of 55 groups
2021-03-09 15:50:49,405 - root - INFO - Processing 2 group of 55 groups
2021-03-09 15:50:50,258 - root - INFO - Processing 3 group of 55 groups
2021-03-09 15:50:51,334 - root - INFO - Processing 4 group of 55 groups
2021-03-09 15:50:52,357 - root - INFO - Processing 5 group of 55 groups
2021-03-09 15:50:53,177 - root - INFO - Processing 6 group of 55 groups
2021-03-09 15:50:53,995 - root - INFO - Processing 7 group of 55 groups
2021-03-09 15:50:54,713 - root - INFO - Processing 8 group of 55 groups
2021-03-09 15:50:55,429 - root - INFO - Processing 9 group of 55 groups
2021-03-09 15:50:56,245 - root - INFO - Processing 10 group of 55 groups
2021-03-09 15:50:57,073 - root - INFO - Processing 11 group of 55 groups
2021-03-09 15:50:57,990 - root - INFO - Processing 12 group of 55 groups
2021-03-09 15:50:58,639 - root - INFO - Processing 13 group of 55 groups
2021-03-09 15:50:59,528 - root - INFO - Processing 14 group of 55 groups
2021-03-09 15:51:00,349 - root - INFO - Processing 15 group of 55 groups
2021-03-09 15:51:01,267 - root - INFO - Processing 16 group of 55 groups
2021-03-09 15:51:02,084 - root - INFO - Processing 17 group of 55 groups
2021-03-09 15:51:02,919 - root - INFO - Processing 18 group of 55 groups
2021-03-09 15:51:03,889 - root - INFO - Processing 19 group of 55 groups
2021-03-09 15:51:05,429 - root - INFO - Processing 20 group of 55 groups
2021-03-09 15:51:06,577 - root - INFO - Processing 21 group of 55 groups
2021-03-09 15:51:07,638 - root - INFO - Processing 22 group of 55 groups
2021-03-09 15:51:08,869 - root - INFO - Processing 23 group of 55 groups
2021-03-09 15:51:09,969 - root - INFO - Processing 24 group of 55 groups
2021-03-09 15:51:10,993 - root - INFO - Processing 25 group of 55 groups
2021-03-09 15:51:11,780 - root - INFO - Processing 26 group of 55 groups
2021-03-09 15:51:12,742 - root - INFO - Processing 27 group of 55 groups
2021-03-09 15:51:13,602 - root - INFO - Processing 28 group of 55 groups
2021-03-09 15:51:14,593 - root - INFO - Processing 29 group of 55 groups
2021-03-09 15:51:15,701 - root - INFO - Processing 30 group of 55 groups
2021-03-09 15:51:16,937 - root - INFO - Processing 31 group of 55 groups
2021-03-09 15:51:17,693 - root - INFO - Processing 32 group of 55 groups
2021-03-09 15:51:18,604 - root - INFO - Processing 33 group of 55 groups
2021-03-09 15:51:19,575 - root - INFO - Processing 34 group of 55 groups
2021-03-09 15:51:20,449 - root - INFO - Processing 35 group of 55 groups
2021-03-09 15:51:21,241 - root - INFO - Processing 36 group of 55 groups
2021-03-09 15:51:22,535 - root - INFO - Processing 37 group of 55 groups
2021-03-09 15:51:23,670 - root - INFO - Processing 38 group of 55 groups
2021-03-09 15:51:24,551 - root - INFO - Processing 39 group of 55 groups
2021-03-09 15:51:25,432 - root - INFO - Processing 40 group of 55 groups
2021-03-09 15:51:26,251 - root - INFO - Processing 41 group of 55 groups
2021-03-09 15:51:27,022 - root - INFO - Processing 42 group of 55 groups
2021-03-09 15:51:27,687 - root - INFO - Processing 43 group of 55 groups
2021-03-09 15:51:28,403 - root - INFO - Processing 44 group of 55 groups
2021-03-09 15:51:29,221 - root - INFO - Processing 45 group of 55 groups
2021-03-09 15:51:29,845 - root - INFO - Processing 46 group of 55 groups
2021-03-09 15:51:30,655 - root - INFO - Processing 47 group of 55 groups
2021-03-09 15:51:31,473 - root - INFO - Processing 48 group of 55 groups
2021-03-09 15:51:32,294 - root - INFO - Processing 49 group of 55 groups
2021-03-09 15:51:33,041 - root - INFO - Processing 50 group of 55 groups
2021-03-09 15:51:34,033 - root - INFO - Processing 51 group of 55 groups
2021-03-09 15:51:34,750 - root - INFO - Processing 52 group of 55 groups
2021-03-09 15:51:35,572 - root - INFO - Processing 53 group of 55 groups
2021-03-09 15:51:36,389 - root - INFO - Processing 54 group of 55 groups
2021-03-09 15:51:37,159 - root - INFO - Processing 55 group of 55 groups
2021-03-09 16:00:00,200 - root - INFO - Total of 55 groups found
2021-03-09 16:00:00,202 - root - INFO - Processing 1 group of 55 groups
2021-03-09 16:00:01,222 - root - INFO - Processing 2 group of 55 groups
2021-03-09 16:00:02,302 - root - INFO - Processing 3 group of 55 groups
2021-03-09 16:00:03,002 - root - INFO - Processing 4 group of 55 groups
2021-03-09 16:00:04,580 - root - INFO - Processing 5 group of 55 groups
2021-03-09 16:00:05,990 - root - INFO - Processing 6 group of 55 groups
2021-03-09 16:00:07,631 - root - INFO - Processing 7 group of 55 groups
2021-03-09 16:00:08,901 - root - INFO - Processing 8 group of 55 groups
2021-03-09 16:00:10,545 - root - INFO - Processing 9 group of 55 groups
2021-03-09 16:00:11,984 - root - INFO - Processing 10 group of 55 groups
2021-03-09 16:00:12,895 - root - INFO - Processing 11 group of 55 groups
2021-03-09 16:00:13,789 - root - INFO - Processing 12 group of 55 groups
2021-03-09 16:00:14,486 - root - INFO - Processing 13 group of 55 groups
2021-03-09 16:00:15,349 - root - INFO - Processing 14 group of 55 groups
2021-03-09 16:00:16,303 - root - INFO - Processing 15 group of 55 groups
2021-03-09 16:00:17,395 - root - INFO - Processing 16 group of 55 groups
2021-03-09 16:00:18,528 - root - INFO - Processing 17 group of 55 groups
2021-03-09 16:00:19,453 - root - INFO - Processing 18 group of 55 groups
2021-03-09 16:00:20,473 - root - INFO - Processing 19 group of 55 groups
2021-03-09 16:00:21,498 - root - INFO - Processing 20 group of 55 groups
2021-03-09 16:00:22,419 - root - INFO - Processing 21 group of 55 groups
2021-03-09 16:00:23,340 - root - INFO - Processing 22 group of 55 groups
2021-03-09 16:00:24,113 - root - INFO - Processing 23 group of 55 groups
2021-03-09 16:00:25,011 - root - INFO - Processing 24 group of 55 groups
2021-03-09 16:00:25,741 - root - INFO - Processing 25 group of 55 groups
2021-03-09 16:00:26,512 - root - INFO - Processing 26 group of 55 groups
2021-03-09 16:00:27,452 - root - INFO - Processing 27 group of 55 groups
2021-03-09 16:00:28,256 - root - INFO - Processing 28 group of 55 groups
2021-03-09 16:00:29,075 - root - INFO - Processing 29 group of 55 groups
2021-03-09 16:00:29,993 - root - INFO - Processing 30 group of 55 groups
2021-03-09 16:00:30,745 - root - INFO - Processing 31 group of 55 groups
2021-03-09 16:00:31,454 - root - INFO - Processing 32 group of 55 groups
2021-03-09 16:00:32,454 - root - INFO - Processing 33 group of 55 groups
2021-03-09 16:00:33,273 - root - INFO - Processing 34 group of 55 groups
2021-03-09 16:00:34,006 - root - INFO - Processing 35 group of 55 groups
2021-03-09 16:00:34,750 - root - INFO - Processing 36 group of 55 groups
2021-03-09 16:00:35,565 - root - INFO - Processing 37 group of 55 groups
2021-03-09 16:00:36,341 - root - INFO - Processing 38 group of 55 groups
2021-03-09 16:00:37,133 - root - INFO - Processing 39 group of 55 groups
2021-03-09 16:00:37,887 - root - INFO - Processing 40 group of 55 groups
2021-03-09 16:00:38,803 - root - INFO - Processing 41 group of 55 groups
2021-03-09 16:00:39,602 - root - INFO - Processing 42 group of 55 groups
2021-03-09 16:00:40,545 - root - INFO - Processing 43 group of 55 groups
2021-03-09 16:00:41,261 - root - INFO - Processing 44 group of 55 groups
2021-03-09 16:00:42,081 - root - INFO - Processing 45 group of 55 groups
2021-03-09 16:00:43,001 - root - INFO - Processing 46 group of 55 groups
2021-03-09 16:00:43,718 - root - INFO - Processing 47 group of 55 groups
2021-03-09 16:00:44,502 - root - INFO - Processing 48 group of 55 groups
2021-03-09 16:00:45,275 - root - INFO - Processing 49 group of 55 groups
2021-03-09 16:00:46,002 - root - INFO - Processing 50 group of 55 groups
2021-03-09 16:00:46,689 - root - INFO - Processing 51 group of 55 groups
2021-03-09 16:00:47,380 - root - INFO - Processing 52 group of 55 groups
2021-03-09 16:00:48,228 - root - INFO - Processing 53 group of 55 groups
2021-03-09 16:00:49,180 - root - INFO - Processing 54 group of 55 groups
2021-03-09 16:00:49,894 - root - INFO - Processing 55 group of 55 groups
2021-03-09 16:02:42,503 - root - INFO - Total of 55 groups found
2021-03-09 16:02:42,505 - root - INFO - Processing 1 group of 55 groups
2021-03-09 16:02:43,424 - root - INFO - Processing 2 group of 55 groups
2021-03-09 16:02:44,450 - root - INFO - Processing 3 group of 55 groups
2021-03-09 16:02:45,401 - root - INFO - Processing 4 group of 55 groups
2021-03-09 16:02:46,185 - root - INFO - Processing 5 group of 55 groups
2021-03-09 16:02:47,008 - root - INFO - Processing 6 group of 55 groups
2021-03-09 16:02:47,861 - root - INFO - Processing 7 group of 55 groups
2021-03-09 16:02:48,646 - root - INFO - Processing 8 group of 55 groups
2021-03-09 16:02:50,080 - root - INFO - Processing 9 group of 55 groups
2021-03-09 16:02:51,618 - root - INFO - Processing 10 group of 55 groups
2021-03-09 16:02:52,640 - root - INFO - Processing 11 group of 55 groups
2021-03-09 16:02:53,739 - root - INFO - Processing 12 group of 55 groups
2021-03-09 16:02:55,115 - root - INFO - Processing 13 group of 55 groups
2021-03-09 16:02:56,472 - root - INFO - Processing 14 group of 55 groups
2021-03-09 16:02:57,340 - root - INFO - Processing 15 group of 55 groups
2021-03-09 16:02:58,161 - root - INFO - Processing 16 group of 55 groups
2021-03-09 16:02:59,197 - root - INFO - Processing 17 group of 55 groups
2021-03-09 16:03:00,219 - root - INFO - Processing 18 group of 55 groups
2021-03-09 16:03:01,490 - root - INFO - Processing 19 group of 55 groups
2021-03-09 16:03:02,880 - root - INFO - Processing 20 group of 55 groups
2021-03-09 16:03:04,113 - root - INFO - Processing 21 group of 55 groups
2021-03-09 16:03:05,204 - root - INFO - Processing 22 group of 55 groups
2021-03-09 16:03:06,477 - root - INFO - Processing 23 group of 55 groups
2021-03-09 16:03:07,653 - root - INFO - Processing 24 group of 55 groups
2021-03-09 16:03:08,636 - root - INFO - Processing 25 group of 55 groups
2021-03-09 16:03:09,743 - root - INFO - Processing 26 group of 55 groups
2021-03-09 16:03:10,867 - root - INFO - Processing 27 group of 55 groups
2021-03-09 16:03:11,686 - root - INFO - Processing 28 group of 55 groups
2021-03-09 16:03:12,506 - root - INFO - Processing 29 group of 55 groups
2021-03-09 16:03:13,529 - root - INFO - Processing 30 group of 55 groups
2021-03-09 16:03:14,349 - root - INFO - Processing 31 group of 55 groups
2021-03-09 16:03:14,989 - root - INFO - Processing 32 group of 55 groups
2021-03-09 16:03:15,765 - root - INFO - Processing 33 group of 55 groups
2021-03-09 16:03:16,497 - root - INFO - Processing 34 group of 55 groups
2021-03-09 16:03:17,424 - root - INFO - Processing 35 group of 55 groups
2021-03-09 16:03:18,548 - root - INFO - Processing 36 group of 55 groups
2021-03-09 16:03:19,778 - root - INFO - Processing 37 group of 55 groups
2021-03-09 16:03:20,701 - root - INFO - Processing 38 group of 55 groups
2021-03-09 16:03:21,619 - root - INFO - Processing 39 group of 55 groups
2021-03-09 16:03:22,747 - root - INFO - Processing 40 group of 55 groups
2021-03-09 16:03:23,667 - root - INFO - Processing 41 group of 55 groups
2021-03-09 16:03:24,487 - root - INFO - Processing 42 group of 55 groups
2021-03-09 16:03:25,307 - root - INFO - Processing 43 group of 55 groups
2021-03-09 16:03:26,105 - root - INFO - Processing 44 group of 55 groups
2021-03-09 16:03:26,906 - root - INFO - Processing 45 group of 55 groups
2021-03-09 16:03:27,668 - root - INFO - Processing 46 group of 55 groups
2021-03-09 16:03:28,484 - root - INFO - Processing 47 group of 55 groups
2021-03-09 16:03:29,299 - root - INFO - Processing 48 group of 55 groups
2021-03-09 16:03:30,154 - root - INFO - Processing 49 group of 55 groups
2021-03-09 16:03:31,040 - root - INFO - Processing 50 group of 55 groups
2021-03-09 16:03:31,757 - root - INFO - Processing 51 group of 55 groups
2021-03-09 16:03:32,658 - root - INFO - Processing 52 group of 55 groups
2021-03-09 16:03:33,462 - root - INFO - Processing 53 group of 55 groups
2021-03-09 16:03:34,263 - root - INFO - Processing 54 group of 55 groups
2021-03-09 16:03:35,136 - root - INFO - Processing 55 group of 55 groups
2021-03-09 17:32:07,691 - root - INFO - Total of 55 groups found
2021-03-09 17:36:14,200 - root - INFO - Total of 55 groups found
2021-03-10 00:41:51,974 - root - INFO - Total of 55 groups found
2021-03-10 00:51:21,387 - root - INFO - Total of 55 groups found
2021-03-10 00:52:35,661 - root - INFO - Total of 55 groups found
2021-03-10 00:54:48,987 - root - INFO - Total of 55 groups found
2021-03-10 00:57:12,039 - root - INFO - Total of 55 groups found
2021-03-10 01:05:13,224 - root - INFO - Total of 55 groups found
2021-03-10 01:08:47,140 - root - INFO - Total of 55 groups found
2021-03-10 01:18:36,925 - root - INFO - Total of 55 groups found
2021-03-10 01:18:36,927 - root - INFO - Found the group: grp_29826
2021-03-10 01:18:36,927 - root - INFO - Processing the group: WWW- non prod
2021-03-10 01:18:36,927 - root - INFO - Found the group: grp_29826
2021-03-10 01:18:36,928 - root - INFO - Processing the group: WWW , Marketing - C-64GBNJ
2021-03-10 01:18:55,288 - root - INFO - Found the group: grp_29826
2021-03-10 01:18:55,289 - root - INFO - Processing the group: Online PROD
2021-03-10 01:18:55,289 - root - INFO - Found the group: grp_29826
2021-03-10 01:18:55,289 - root - INFO - Processing the group: Salesforce.com Inc (Communities Prod Configs)
2021-03-10 01:18:55,289 - root - INFO - Found the group: grp_29826
2021-03-10 01:18:55,289 - root - INFO - Processing the group: Mars
2021-03-10 01:18:55,289 - root - INFO - Found the group: grp_29826
2021-03-10 01:18:55,289 - root - INFO - Processing the group: Online Sandbox
2021-03-10 01:18:55,289 - root - INFO - Found the group: grp_29826
2021-03-10 01:18:55,290 - root - INFO - Processing the group: Salesforce.com Inc.-G-2Q51L9F
2021-03-10 01:18:55,290 - root - INFO - Found the group: grp_29826
2021-03-10 01:18:55,290 - root - INFO - Processing the group: Public Prod
2021-03-10 01:18:55,290 - root - INFO - Found the group: grp_29826
2021-03-10 01:18:55,290 - root - INFO - Processing the group: MuleSoft, INC.-M-23EYFC1
2021-03-10 01:18:55,290 - root - INFO - Found the group: grp_29826
2021-03-10 01:18:55,290 - root - INFO - Processing the group: Public Stage
2021-03-10 01:18:55,290 - root - INFO - Found the group: grp_29826
2021-03-10 01:18:55,290 - root - INFO - Processing the group: JCI
2021-03-10 01:18:55,290 - root - INFO - Found the group: grp_29826
2021-03-10 01:18:55,291 - root - INFO - Processing the group: Tableau Software inc-M-1RH8BO3
2021-03-10 01:18:55,291 - root - INFO - Found the group: grp_29826
2021-03-10 01:18:55,291 - root - INFO - Processing the group: Salesforce.com Inc. - Gateway QA (G-2HSXM3Y)
2021-03-10 01:18:55,291 - root - INFO - Found the group: grp_29826
2021-03-10 01:18:55,291 - root - INFO - Processing the group: Salesforce.com Inc Platform Engineering
2021-03-10 01:18:55,291 - root - INFO - Found the group: grp_29826
2021-03-10 01:18:55,291 - root - INFO - Processing the group: Manulife
2021-03-10 01:18:55,291 - root - INFO - Found the group: grp_29826
2021-03-10 01:18:55,291 - root - INFO - Processing the group: Tableau Software inc-C-K50F2J
2021-03-10 01:18:55,291 - root - INFO - Found the group: grp_29826
2021-03-10 01:18:55,291 - root - INFO - Processing the group: CMS
2021-03-10 01:18:55,291 - root - INFO - Found the group: grp_29826
2021-03-10 01:18:55,291 - root - INFO - Processing the group: WWW POC
2021-03-10 01:18:55,291 - root - INFO - Found the group: grp_29826
2021-03-10 01:18:55,292 - root - INFO - Processing the group: Marketing-Devs
2021-03-10 01:18:55,292 - root - INFO - Found the group: grp_29826
2021-03-10 01:18:55,292 - root - INFO - Processing the group: NetOps
2021-03-10 01:18:55,292 - root - INFO - Found the group: grp_29826
2021-03-10 01:18:55,292 - root - INFO - Processing the group: Salesforce.com Inc.-M-23L4G4P
2021-03-10 01:18:55,292 - root - INFO - Found the group: grp_29826
2021-03-10 01:18:55,292 - root - INFO - Processing the group: Salesforce.com Inc.-P-3NDJ2MU
2021-03-10 01:18:55,292 - root - INFO - Found the group: grp_29826
2021-03-10 01:18:55,292 - root - INFO - Processing the group: Salesforce.com Inc.-M-23L4GHD
2021-03-10 01:18:55,292 - root - INFO - Found the group: grp_29826
2021-03-10 01:18:55,293 - root - INFO - Processing the group: Salesforce.com WAA P-2E4I75J
2021-03-10 01:18:55,293 - root - INFO - Found the group: grp_29826
2021-03-10 01:18:55,293 - root - INFO - Processing the group: Salesforce.com Inc.-P-2W0YEI1
2021-03-10 01:18:55,293 - root - INFO - Found the group: grp_29826
2021-03-10 01:18:55,293 - root - INFO - Processing the group: Communities SDC
2021-03-10 01:18:55,293 - root - INFO - Found the group: grp_29826
2021-03-10 01:18:55,293 - root - INFO - Processing the group: Communities SDC - QA
2021-03-10 01:18:55,293 - root - INFO - Found the group: grp_29826
2021-03-10 01:18:55,293 - root - INFO - Processing the group: Louis Vuitton
2021-03-10 01:18:55,293 - root - INFO - Found the group: grp_29826
2021-03-10 01:18:55,293 - root - INFO - Processing the group: Communities SDC  Prod
2021-03-10 01:18:55,293 - root - INFO - Found the group: grp_29826
2021-03-10 01:18:55,293 - root - INFO - Processing the group: Public Test
2021-03-10 01:18:55,293 - root - INFO - Found the group: grp_29826
2021-03-10 01:18:55,294 - root - INFO - Processing the group: Salesforce.com Inc.-G-2FLPJM7
2021-03-10 01:18:55,294 - root - INFO - Found the group: grp_29826
2021-03-10 01:18:55,294 - root - INFO - Processing the group: Work.com
2021-03-10 01:18:55,294 - root - INFO - Found the group: grp_29826
2021-03-10 01:18:55,294 - root - INFO - Processing the group: WWW-OTA-EIP
2021-03-10 01:18:55,294 - root - INFO - Found the group: grp_29826
2021-03-10 01:18:55,294 - root - INFO - Processing the group: Datorama-DSA - M-226Q8C6
2021-03-10 01:18:55,294 - root - INFO - Found the group: grp_29826
2021-03-10 01:18:55,294 - root - INFO - Processing the group: Salesforce.com Inc.-G-2A20DM8
2021-03-10 01:18:55,294 - root - INFO - Found the group: grp_29826
2021-03-10 01:18:55,294 - root - INFO - Processing the group: CMS
2021-03-10 01:18:55,294 - root - INFO - Found the group: grp_29826
2021-03-10 01:18:55,294 - root - INFO - Processing the group: Salesforce.com Inc.-G-32PSXPF
2021-03-10 01:18:55,294 - root - INFO - Found the group: grp_29826
2021-03-10 01:18:55,295 - root - INFO - Processing the group: PubDNS
2021-03-10 01:18:55,295 - root - INFO - Found the group: grp_29826
2021-03-10 01:18:55,295 - root - INFO - Processing the group: WWW-Prod
2021-03-10 01:18:55,295 - root - INFO - Found the group: grp_29826
2021-03-10 01:18:55,295 - root - INFO - Processing the group: Lightning
2021-03-10 01:18:55,295 - root - INFO - Found the group: grp_29826
2021-03-10 01:18:55,295 - root - INFO - Processing the group: Salesforce.com Inc.-P-3AEROAS
2021-03-10 01:18:55,295 - root - INFO - Found the group: grp_29826
2021-03-10 01:18:55,295 - root - INFO - Processing the group: Salesforce.com Inc.-P-3AERO47
2021-03-10 01:18:55,295 - root - INFO - Found the group: grp_29826
2021-03-10 01:18:55,295 - root - INFO - Processing the group: GM-dev
2021-03-10 01:18:55,295 - root - INFO - Found the group: grp_29826
2021-03-10 01:18:55,295 - root - INFO - Processing the group: GM-Prod
2021-03-10 01:18:55,295 - root - INFO - Found the group: grp_29826
2021-03-10 01:18:55,296 - root - INFO - Processing the group: Salesforce.com Inc.-G-3KBHQQZ
2021-03-10 01:18:55,296 - root - INFO - Found the group: grp_29826
2021-03-10 01:18:55,296 - root - INFO - Processing the group: GM
2021-03-10 01:18:55,296 - root - INFO - Found the group: grp_29826
2021-03-10 01:18:55,296 - root - INFO - Processing the group: Salesforce.com Inc (GM OTA) -P-29DVMIL
2021-03-10 01:18:55,296 - root - INFO - Found the group: grp_29826
2021-03-10 01:18:55,296 - root - INFO - Processing the group: Local Covid Data
2021-03-10 01:18:55,296 - root - INFO - Found the group: grp_29826
2021-03-10 01:18:55,296 - root - INFO - Processing the group: Datorama Technologies Ltd.-G-2CWV5KE
2021-03-10 01:18:55,296 - root - INFO - Found the group: grp_29826
2021-03-10 01:18:55,296 - root - INFO - Processing the group: Salesforce.com Inc.-M-1MZ33PH
2021-03-10 01:18:55,296 - root - INFO - Found the group: grp_29826
2021-03-10 01:18:55,296 - root - INFO - Processing the group: Datorama-P-2OEA0TV
2021-03-10 01:18:55,297 - root - INFO - Found the group: grp_29826
2021-03-10 01:18:55,297 - root - INFO - Processing the group: Schneider Electric
2021-03-10 01:18:55,297 - root - INFO - Found the group: grp_29826
2021-03-10 01:18:55,297 - root - INFO - Processing the group: Salesforce.com Inc (Lightning) -M-1KZDW2D
2021-03-10 01:18:55,297 - root - INFO - Found the group: grp_29826
2021-03-10 01:18:55,297 - root - INFO - Processing the group: C.Salesforce.com, Marketing Promos
2021-03-10 01:18:55,297 - root - INFO - Found the group: grp_29826
2021-03-10 01:18:55,297 - root - INFO - Processing the group: Lightning - security team test-setup
2021-03-10 01:20:48,206 - root - INFO - Total of 55 groups found
2021-03-10 01:20:48,208 - root - INFO - Found the group: grp_29826
2021-03-10 01:20:48,208 - root - INFO - Processing the group: WWW- non prod
2021-03-10 01:20:48,208 - root - INFO - Found the group: grp_29826
2021-03-10 01:20:48,208 - root - INFO - Processing the group: WWW , Marketing - C-64GBNJ
2021-03-10 01:21:10,353 - root - INFO - Found the group: grp_29826
2021-03-10 01:21:10,353 - root - INFO - Processing the group: Online PROD
2021-03-10 01:21:10,353 - root - INFO - Found the group: grp_29826
2021-03-10 01:21:10,353 - root - INFO - Processing the group: Salesforce.com Inc (Communities Prod Configs)
2021-03-10 01:21:10,354 - root - INFO - Found the group: grp_29826
2021-03-10 01:21:10,354 - root - INFO - Processing the group: Mars
2021-03-10 01:21:10,354 - root - INFO - Found the group: grp_29826
2021-03-10 01:21:10,354 - root - INFO - Processing the group: Online Sandbox
2021-03-10 01:21:10,354 - root - INFO - Found the group: grp_29826
2021-03-10 01:21:10,354 - root - INFO - Processing the group: Salesforce.com Inc.-G-2Q51L9F
2021-03-10 01:21:10,354 - root - INFO - Found the group: grp_29826
2021-03-10 01:21:10,354 - root - INFO - Processing the group: Public Prod
2021-03-10 01:21:10,354 - root - INFO - Found the group: grp_29826
2021-03-10 01:21:10,355 - root - INFO - Processing the group: MuleSoft, INC.-M-23EYFC1
2021-03-10 01:21:10,355 - root - INFO - Found the group: grp_29826
2021-03-10 01:21:10,355 - root - INFO - Processing the group: Public Stage
2021-03-10 01:21:10,355 - root - INFO - Found the group: grp_29826
2021-03-10 01:21:10,355 - root - INFO - Processing the group: JCI
2021-03-10 01:21:10,355 - root - INFO - Found the group: grp_29826
2021-03-10 01:21:10,355 - root - INFO - Processing the group: Tableau Software inc-M-1RH8BO3
2021-03-10 01:21:10,355 - root - INFO - Found the group: grp_29826
2021-03-10 01:21:10,356 - root - INFO - Processing the group: Salesforce.com Inc. - Gateway QA (G-2HSXM3Y)
2021-03-10 01:21:10,356 - root - INFO - Found the group: grp_29826
2021-03-10 01:21:10,356 - root - INFO - Processing the group: Salesforce.com Inc Platform Engineering
2021-03-10 01:21:10,356 - root - INFO - Found the group: grp_29826
2021-03-10 01:21:10,356 - root - INFO - Processing the group: Manulife
2021-03-10 01:21:10,356 - root - INFO - Found the group: grp_29826
2021-03-10 01:21:10,356 - root - INFO - Processing the group: Tableau Software inc-C-K50F2J
2021-03-10 01:21:10,356 - root - INFO - Found the group: grp_29826
2021-03-10 01:21:10,356 - root - INFO - Processing the group: CMS
2021-03-10 01:21:10,356 - root - INFO - Found the group: grp_29826
2021-03-10 01:21:10,356 - root - INFO - Processing the group: WWW POC
2021-03-10 01:21:10,357 - root - INFO - Found the group: grp_29826
2021-03-10 01:21:10,357 - root - INFO - Processing the group: Marketing-Devs
2021-03-10 01:21:10,357 - root - INFO - Found the group: grp_29826
2021-03-10 01:21:10,357 - root - INFO - Processing the group: NetOps
2021-03-10 01:21:10,357 - root - INFO - Found the group: grp_29826
2021-03-10 01:21:10,357 - root - INFO - Processing the group: Salesforce.com Inc.-M-23L4G4P
2021-03-10 01:21:10,357 - root - INFO - Found the group: grp_29826
2021-03-10 01:21:10,357 - root - INFO - Processing the group: Salesforce.com Inc.-P-3NDJ2MU
2021-03-10 01:21:10,357 - root - INFO - Found the group: grp_29826
2021-03-10 01:21:10,357 - root - INFO - Processing the group: Salesforce.com Inc.-M-23L4GHD
2021-03-10 01:21:10,358 - root - INFO - Found the group: grp_29826
2021-03-10 01:21:10,358 - root - INFO - Processing the group: Salesforce.com WAA P-2E4I75J
2021-03-10 01:21:10,358 - root - INFO - Found the group: grp_29826
2021-03-10 01:21:10,358 - root - INFO - Processing the group: Salesforce.com Inc.-P-2W0YEI1
2021-03-10 01:21:10,358 - root - INFO - Found the group: grp_29826
2021-03-10 01:21:10,358 - root - INFO - Processing the group: Communities SDC
2021-03-10 01:21:10,358 - root - INFO - Found the group: grp_29826
2021-03-10 01:21:10,358 - root - INFO - Processing the group: Communities SDC - QA
2021-03-10 01:21:10,358 - root - INFO - Found the group: grp_29826
2021-03-10 01:21:10,358 - root - INFO - Processing the group: Louis Vuitton
2021-03-10 01:21:10,358 - root - INFO - Found the group: grp_29826
2021-03-10 01:21:10,359 - root - INFO - Processing the group: Communities SDC  Prod
2021-03-10 01:21:10,359 - root - INFO - Found the group: grp_29826
2021-03-10 01:21:10,359 - root - INFO - Processing the group: Public Test
2021-03-10 01:21:10,359 - root - INFO - Found the group: grp_29826
2021-03-10 01:21:10,359 - root - INFO - Processing the group: Salesforce.com Inc.-G-2FLPJM7
2021-03-10 01:21:10,359 - root - INFO - Found the group: grp_29826
2021-03-10 01:21:10,359 - root - INFO - Processing the group: Work.com
2021-03-10 01:21:10,359 - root - INFO - Found the group: grp_29826
2021-03-10 01:21:10,359 - root - INFO - Processing the group: WWW-OTA-EIP
2021-03-10 01:21:10,359 - root - INFO - Found the group: grp_29826
2021-03-10 01:21:10,359 - root - INFO - Processing the group: Datorama-DSA - M-226Q8C6
2021-03-10 01:21:10,359 - root - INFO - Found the group: grp_29826
2021-03-10 01:21:10,360 - root - INFO - Processing the group: Salesforce.com Inc.-G-2A20DM8
2021-03-10 01:21:10,360 - root - INFO - Found the group: grp_29826
2021-03-10 01:21:10,360 - root - INFO - Processing the group: CMS
2021-03-10 01:21:10,360 - root - INFO - Found the group: grp_29826
2021-03-10 01:21:10,360 - root - INFO - Processing the group: Salesforce.com Inc.-G-32PSXPF
2021-03-10 01:21:10,360 - root - INFO - Found the group: grp_29826
2021-03-10 01:21:10,360 - root - INFO - Processing the group: PubDNS
2021-03-10 01:21:10,360 - root - INFO - Found the group: grp_29826
2021-03-10 01:21:10,360 - root - INFO - Processing the group: WWW-Prod
2021-03-10 01:21:10,360 - root - INFO - Found the group: grp_29826
2021-03-10 01:21:10,360 - root - INFO - Processing the group: Lightning
2021-03-10 01:21:10,360 - root - INFO - Found the group: grp_29826
2021-03-10 01:21:10,360 - root - INFO - Processing the group: Salesforce.com Inc.-P-3AEROAS
2021-03-10 01:21:10,361 - root - INFO - Found the group: grp_29826
2021-03-10 01:21:10,361 - root - INFO - Processing the group: Salesforce.com Inc.-P-3AERO47
2021-03-10 01:21:10,361 - root - INFO - Found the group: grp_29826
2021-03-10 01:21:10,361 - root - INFO - Processing the group: GM-dev
2021-03-10 01:21:10,361 - root - INFO - Found the group: grp_29826
2021-03-10 01:21:10,361 - root - INFO - Processing the group: GM-Prod
2021-03-10 01:21:10,361 - root - INFO - Found the group: grp_29826
2021-03-10 01:21:10,361 - root - INFO - Processing the group: Salesforce.com Inc.-G-3KBHQQZ
2021-03-10 01:21:10,361 - root - INFO - Found the group: grp_29826
2021-03-10 01:21:10,361 - root - INFO - Processing the group: GM
2021-03-10 01:21:10,361 - root - INFO - Found the group: grp_29826
2021-03-10 01:21:10,361 - root - INFO - Processing the group: Salesforce.com Inc (GM OTA) -P-29DVMIL
2021-03-10 01:21:10,361 - root - INFO - Found the group: grp_29826
2021-03-10 01:21:10,362 - root - INFO - Processing the group: Local Covid Data
2021-03-10 01:21:10,362 - root - INFO - Found the group: grp_29826
2021-03-10 01:21:10,362 - root - INFO - Processing the group: Datorama Technologies Ltd.-G-2CWV5KE
2021-03-10 01:21:10,362 - root - INFO - Found the group: grp_29826
2021-03-10 01:21:10,362 - root - INFO - Processing the group: Salesforce.com Inc.-M-1MZ33PH
2021-03-10 01:21:10,362 - root - INFO - Found the group: grp_29826
2021-03-10 01:21:10,362 - root - INFO - Processing the group: Datorama-P-2OEA0TV
2021-03-10 01:21:10,362 - root - INFO - Found the group: grp_29826
2021-03-10 01:21:10,362 - root - INFO - Processing the group: Schneider Electric
2021-03-10 01:21:10,362 - root - INFO - Found the group: grp_29826
2021-03-10 01:21:10,362 - root - INFO - Processing the group: Salesforce.com Inc (Lightning) -M-1KZDW2D
2021-03-10 01:21:10,362 - root - INFO - Found the group: grp_29826
2021-03-10 01:21:10,362 - root - INFO - Processing the group: C.Salesforce.com, Marketing Promos
2021-03-10 01:21:10,362 - root - INFO - Found the group: grp_29826
2021-03-10 01:21:10,363 - root - INFO - Processing the group: Lightning - security team test-setup
2021-03-10 01:27:36,608 - root - INFO - Total of 55 groups found
2021-03-10 01:27:36,608 - root - INFO - Found the group: grp_29826
2021-03-10 01:27:36,608 - root - INFO - Processing the group: WWW- non prod
2021-03-10 01:27:36,609 - root - INFO - Found the group: grp_29826
2021-03-10 01:27:36,609 - root - INFO - Processing the group: WWW , Marketing - C-64GBNJ
2021-03-10 01:27:38,041 - root - INFO - Total of 8 properties found.
2021-03-10 01:27:52,415 - root - INFO - Total of 55 groups found
2021-03-10 01:27:52,415 - root - INFO - Found the group: grp_29826
2021-03-10 01:27:52,415 - root - INFO - Processing the group: WWW- non prod
2021-03-10 01:27:52,415 - root - INFO - Found the group: grp_29826
2021-03-10 01:27:52,415 - root - INFO - Processing the group: WWW , Marketing - C-64GBNJ
2021-03-10 01:27:53,913 - root - INFO - Total of 8 properties found.
2021-03-10 01:27:53,913 - root - INFO - Processing 1of 8
2021-03-10 01:27:55,961 - root - INFO - Processing 2of 8
2021-03-10 01:28:02,195 - root - INFO - Processing 3of 8
2021-03-10 01:28:09,991 - root - INFO - Processing 4of 8
2021-03-10 01:28:15,378 - root - INFO - Processing 5of 8
2021-03-10 01:28:21,238 - root - INFO - Processing 6of 8
2021-03-10 01:28:26,172 - root - INFO - Processing 7of 8
2021-03-10 01:28:31,903 - root - INFO - Processing 8of 8
2021-03-10 01:28:39,210 - root - INFO - Found the group: grp_29826
2021-03-10 01:28:39,210 - root - INFO - Processing the group: Online PROD
2021-03-10 01:28:39,210 - root - INFO - Found the group: grp_29826
2021-03-10 01:28:39,210 - root - INFO - Processing the group: Salesforce.com Inc (Communities Prod Configs)
2021-03-10 01:28:39,211 - root - INFO - Found the group: grp_29826
2021-03-10 01:28:39,211 - root - INFO - Processing the group: Mars
2021-03-10 01:28:39,211 - root - INFO - Found the group: grp_29826
2021-03-10 01:28:39,211 - root - INFO - Processing the group: Online Sandbox
2021-03-10 01:28:39,211 - root - INFO - Found the group: grp_29826
2021-03-10 01:28:39,211 - root - INFO - Processing the group: Salesforce.com Inc.-G-2Q51L9F
2021-03-10 01:28:39,211 - root - INFO - Found the group: grp_29826
2021-03-10 01:28:39,211 - root - INFO - Processing the group: Public Prod
2021-03-10 01:28:39,212 - root - INFO - Found the group: grp_29826
2021-03-10 01:28:39,212 - root - INFO - Processing the group: MuleSoft, INC.-M-23EYFC1
2021-03-10 01:28:39,212 - root - INFO - Found the group: grp_29826
2021-03-10 01:28:39,212 - root - INFO - Processing the group: Public Stage
2021-03-10 01:28:39,212 - root - INFO - Found the group: grp_29826
2021-03-10 01:28:39,212 - root - INFO - Processing the group: JCI
2021-03-10 01:28:39,212 - root - INFO - Found the group: grp_29826
2021-03-10 01:28:39,212 - root - INFO - Processing the group: Tableau Software inc-M-1RH8BO3
2021-03-10 01:28:39,212 - root - INFO - Found the group: grp_29826
2021-03-10 01:28:39,212 - root - INFO - Processing the group: Salesforce.com Inc. - Gateway QA (G-2HSXM3Y)
2021-03-10 01:28:39,213 - root - INFO - Found the group: grp_29826
2021-03-10 01:28:39,213 - root - INFO - Processing the group: Salesforce.com Inc Platform Engineering
2021-03-10 01:28:39,213 - root - INFO - Found the group: grp_29826
2021-03-10 01:28:39,213 - root - INFO - Processing the group: Manulife
2021-03-10 01:28:39,213 - root - INFO - Found the group: grp_29826
2021-03-10 01:28:39,213 - root - INFO - Processing the group: Tableau Software inc-C-K50F2J
2021-03-10 01:28:39,213 - root - INFO - Found the group: grp_29826
2021-03-10 01:28:39,213 - root - INFO - Processing the group: CMS
2021-03-10 01:28:39,213 - root - INFO - Found the group: grp_29826
2021-03-10 01:28:39,213 - root - INFO - Processing the group: WWW POC
2021-03-10 01:28:39,214 - root - INFO - Found the group: grp_29826
2021-03-10 01:28:39,214 - root - INFO - Processing the group: Marketing-Devs
2021-03-10 01:28:39,214 - root - INFO - Found the group: grp_29826
2021-03-10 01:28:39,214 - root - INFO - Processing the group: NetOps
2021-03-10 01:28:39,214 - root - INFO - Found the group: grp_29826
2021-03-10 01:28:39,214 - root - INFO - Processing the group: Salesforce.com Inc.-M-23L4G4P
2021-03-10 01:28:39,214 - root - INFO - Found the group: grp_29826
2021-03-10 01:28:39,214 - root - INFO - Processing the group: Salesforce.com Inc.-P-3NDJ2MU
2021-03-10 01:28:39,214 - root - INFO - Found the group: grp_29826
2021-03-10 01:28:39,214 - root - INFO - Processing the group: Salesforce.com Inc.-M-23L4GHD
2021-03-10 01:28:39,214 - root - INFO - Found the group: grp_29826
2021-03-10 01:28:39,214 - root - INFO - Processing the group: Salesforce.com WAA P-2E4I75J
2021-03-10 01:28:39,215 - root - INFO - Found the group: grp_29826
2021-03-10 01:28:39,215 - root - INFO - Processing the group: Salesforce.com Inc.-P-2W0YEI1
2021-03-10 01:28:39,215 - root - INFO - Found the group: grp_29826
2021-03-10 01:28:39,215 - root - INFO - Processing the group: Communities SDC
2021-03-10 01:28:39,215 - root - INFO - Found the group: grp_29826
2021-03-10 01:28:39,215 - root - INFO - Processing the group: Communities SDC - QA
2021-03-10 01:28:39,215 - root - INFO - Found the group: grp_29826
2021-03-10 01:28:39,215 - root - INFO - Processing the group: Louis Vuitton
2021-03-10 01:28:39,216 - root - INFO - Found the group: grp_29826
2021-03-10 01:28:39,216 - root - INFO - Processing the group: Communities SDC  Prod
2021-03-10 01:28:39,216 - root - INFO - Found the group: grp_29826
2021-03-10 01:28:39,216 - root - INFO - Processing the group: Public Test
2021-03-10 01:28:39,216 - root - INFO - Found the group: grp_29826
2021-03-10 01:28:39,216 - root - INFO - Processing the group: Salesforce.com Inc.-G-2FLPJM7
2021-03-10 01:28:39,216 - root - INFO - Found the group: grp_29826
2021-03-10 01:28:39,216 - root - INFO - Processing the group: Work.com
2021-03-10 01:28:39,216 - root - INFO - Found the group: grp_29826
2021-03-10 01:28:39,216 - root - INFO - Processing the group: WWW-OTA-EIP
2021-03-10 01:28:39,216 - root - INFO - Found the group: grp_29826
2021-03-10 01:28:39,216 - root - INFO - Processing the group: Datorama-DSA - M-226Q8C6
2021-03-10 01:28:39,216 - root - INFO - Found the group: grp_29826
2021-03-10 01:28:39,217 - root - INFO - Processing the group: Salesforce.com Inc.-G-2A20DM8
2021-03-10 01:28:39,217 - root - INFO - Found the group: grp_29826
2021-03-10 01:28:39,217 - root - INFO - Processing the group: CMS
2021-03-10 01:28:39,217 - root - INFO - Found the group: grp_29826
2021-03-10 01:28:39,217 - root - INFO - Processing the group: Salesforce.com Inc.-G-32PSXPF
2021-03-10 01:28:39,217 - root - INFO - Found the group: grp_29826
2021-03-10 01:28:39,217 - root - INFO - Processing the group: PubDNS
2021-03-10 01:28:39,217 - root - INFO - Found the group: grp_29826
2021-03-10 01:28:39,217 - root - INFO - Processing the group: WWW-Prod
2021-03-10 01:28:39,217 - root - INFO - Found the group: grp_29826
2021-03-10 01:28:39,217 - root - INFO - Processing the group: Lightning
2021-03-10 01:28:39,217 - root - INFO - Found the group: grp_29826
2021-03-10 01:28:39,217 - root - INFO - Processing the group: Salesforce.com Inc.-P-3AEROAS
2021-03-10 01:28:39,217 - root - INFO - Found the group: grp_29826
2021-03-10 01:28:39,218 - root - INFO - Processing the group: Salesforce.com Inc.-P-3AERO47
2021-03-10 01:28:39,218 - root - INFO - Found the group: grp_29826
2021-03-10 01:28:39,218 - root - INFO - Processing the group: GM-dev
2021-03-10 01:28:39,218 - root - INFO - Found the group: grp_29826
2021-03-10 01:28:39,218 - root - INFO - Processing the group: GM-Prod
2021-03-10 01:28:39,218 - root - INFO - Found the group: grp_29826
2021-03-10 01:28:39,218 - root - INFO - Processing the group: Salesforce.com Inc.-G-3KBHQQZ
2021-03-10 01:28:39,218 - root - INFO - Found the group: grp_29826
2021-03-10 01:28:39,218 - root - INFO - Processing the group: GM
2021-03-10 01:28:39,218 - root - INFO - Found the group: grp_29826
2021-03-10 01:28:39,218 - root - INFO - Processing the group: Salesforce.com Inc (GM OTA) -P-29DVMIL
2021-03-10 01:28:39,218 - root - INFO - Found the group: grp_29826
2021-03-10 01:28:39,218 - root - INFO - Processing the group: Local Covid Data
2021-03-10 01:28:39,218 - root - INFO - Found the group: grp_29826
2021-03-10 01:28:39,219 - root - INFO - Processing the group: Datorama Technologies Ltd.-G-2CWV5KE
2021-03-10 01:28:39,219 - root - INFO - Found the group: grp_29826
2021-03-10 01:28:39,219 - root - INFO - Processing the group: Salesforce.com Inc.-M-1MZ33PH
2021-03-10 01:28:39,219 - root - INFO - Found the group: grp_29826
2021-03-10 01:28:39,219 - root - INFO - Processing the group: Datorama-P-2OEA0TV
2021-03-10 01:28:39,219 - root - INFO - Found the group: grp_29826
2021-03-10 01:28:39,219 - root - INFO - Processing the group: Schneider Electric
2021-03-10 01:28:39,219 - root - INFO - Found the group: grp_29826
2021-03-10 01:28:39,219 - root - INFO - Processing the group: Salesforce.com Inc (Lightning) -M-1KZDW2D
2021-03-10 01:28:39,219 - root - INFO - Found the group: grp_29826
2021-03-10 01:28:39,219 - root - INFO - Processing the group: C.Salesforce.com, Marketing Promos
2021-03-10 01:28:39,219 - root - INFO - Found the group: grp_29826
2021-03-10 01:28:39,219 - root - INFO - Processing the group: Lightning - security team test-setup
2021-03-10 01:31:47,489 - root - INFO - Total of 55 groups found
2021-03-10 01:31:47,489 - root - INFO - Found the group: grp_29826
2021-03-10 01:31:47,489 - root - INFO - Processing the group: WWW , Marketing - C-64GBNJ
2021-03-10 01:31:48,614 - root - INFO - Total of 8 properties found.
2021-03-10 01:31:48,614 - root - INFO - Processing 1 of 8
2021-03-10 01:31:50,390 - root - INFO - Processing 2 of 8
2021-03-10 01:31:56,131 - root - INFO - Processing 3 of 8
2021-03-10 01:32:01,066 - root - INFO - Processing 4 of 8
2021-03-10 01:32:08,172 - root - INFO - Processing 5 of 8
2021-03-10 01:32:14,933 - root - INFO - Processing 6 of 8
2021-03-10 01:32:20,050 - root - INFO - Processing 7 of 8
2021-03-10 01:32:25,998 - root - INFO - Processing 8 of 8
2021-03-10 01:32:44,486 - root - INFO - Total of 55 groups found
2021-03-10 01:32:44,486 - root - INFO -   ..Found the group: grp_29826
2021-03-10 01:32:44,486 - root - INFO -   ..Processing the group: WWW , Marketing - C-64GBNJ
2021-03-10 01:32:45,448 - root - INFO - Total of 8 properties found.
2021-03-10 01:32:45,449 - root - INFO -   ..Processing 1 of 8
2021-03-10 01:32:47,084 - root - INFO -   ..Processing 2 of 8
2021-03-10 01:32:52,717 - root - INFO -   ..Processing 3 of 8
2021-03-10 01:32:57,631 - root - INFO -   ..Processing 4 of 8
2021-03-10 01:33:02,581 - root - INFO -   ..Processing 5 of 8
2021-03-10 01:33:11,027 - root - INFO -   ..Processing 6 of 8
2021-03-10 01:33:16,053 - root - INFO -   ..Processing 7 of 8
2021-03-10 01:33:21,899 - root - INFO -   ..Processing 8 of 8
2021-03-10 10:32:02,608 - root - INFO - Total of 55 groups found
2021-03-10 10:32:02,609 - root - INFO -   ..Found the group: grp_29826
2021-03-10 10:32:02,609 - root - INFO -   ..Processing the group: WWW , Marketing - C-64GBNJ
2021-03-10 10:32:03,866 - root - INFO - Total of 8 properties found.
2021-03-10 10:32:03,867 - root - INFO -   ..Processing 1 of 8
2021-03-10 10:32:07,429 - root - INFO -   ..Processing 2 of 8
2021-03-10 10:32:15,415 - root - INFO -   ..Processing 3 of 8
2021-03-10 10:32:21,108 - root - INFO -   ..Processing 4 of 8
2021-03-10 10:32:27,198 - root - INFO -   ..Processing 5 of 8
2021-03-10 10:32:34,543 - root - INFO -   ..Processing 6 of 8
2021-03-10 10:32:39,890 - root - INFO -   ..Processing 7 of 8
2021-03-10 10:32:47,058 - root - INFO -   ..Processing 8 of 8
